Vivado Simulator 2018.3
Time resolution is 1 ps
Error: SLL of 0 of FEDCBA98!=0
Time: 10 ns  Iteration: 0  Process: /ALU_Shift_tb/line__33  File: /home/josh/projects/ece1195/lab_2/lab_2.srcs/sim_1/new/ALU_Shift_tb.vhd
Error: SLL of 0 of FEDCBA98!=-19088744
Time: 970 ns  Iteration: 0  Process: /ALU_Shift_tb/line__33  File: /home/josh/projects/ece1195/lab_2/lab_2.srcs/sim_1/new/ALU_Shift_tb.vhd
Error: SLL of 0 of FEDCBA98!=2128394904
Time: 1930 ns  Iteration: 0  Process: /ALU_Shift_tb/line__33  File: /home/josh/projects/ece1195/lab_2/lab_2.srcs/sim_1/new/ALU_Shift_tb.vhd
Error: SLL of 0 of FEDCBA98!=-19088744
Time: 2890 ns  Iteration: 0  Process: /ALU_Shift_tb/line__33  File: /home/josh/projects/ece1195/lab_2/lab_2.srcs/sim_1/new/ALU_Shift_tb.vhd
Error: SLL of 0 of FEDCBA98!=2128394904
Time: 3850 ns  Iteration: 0  Process: /ALU_Shift_tb/line__33  File: /home/josh/projects/ece1195/lab_2/lab_2.srcs/sim_1/new/ALU_Shift_tb.vhd
Error: SLL of 0 of FEDCBA98!=-19088744
Time: 4810 ns  Iteration: 0  Process: /ALU_Shift_tb/line__33  File: /home/josh/projects/ece1195/lab_2/lab_2.srcs/sim_1/new/ALU_Shift_tb.vhd
Error: SLL of 0 of FEDCBA98!=2128394904
Time: 5770 ns  Iteration: 0  Process: /ALU_Shift_tb/line__33  File: /home/josh/projects/ece1195/lab_2/lab_2.srcs/sim_1/new/ALU_Shift_tb.vhd
Error: SLL of 0 of FEDCBA98!=-19088744
Time: 6730 ns  Iteration: 0  Process: /ALU_Shift_tb/line__33  File: /home/josh/projects/ece1195/lab_2/lab_2.srcs/sim_1/new/ALU_Shift_tb.vhd
Error: SLL of 0 of FEDCBA98!=2128394904
Time: 7690 ns  Iteration: 0  Process: /ALU_Shift_tb/line__33  File: /home/josh/projects/ece1195/lab_2/lab_2.srcs/sim_1/new/ALU_Shift_tb.vhd
Error: SLL of 0 of FEDCBA98!=-19088744
Time: 8650 ns  Iteration: 0  Process: /ALU_Shift_tb/line__33  File: /home/josh/projects/ece1195/lab_2/lab_2.srcs/sim_1/new/ALU_Shift_tb.vhd
Error: SLL of 0 of FEDCBA98!=2128394904
Time: 9610 ns  Iteration: 0  Process: /ALU_Shift_tb/line__33  File: /home/josh/projects/ece1195/lab_2/lab_2.srcs/sim_1/new/ALU_Shift_tb.vhd
