Copyright 1986-2018 Xilinx, Inc. All Rights Reserved.
---------------------------------------------------------------------------------------------------------------------------------
| Tool Version : Vivado v.2018.3 (lin64) Build 2405991 Thu Dec  6 23:36:41 MST 2018
| Date         : Thu Sep 26 03:32:05 2024
| Host         : JoshsArchUSB running 64-bit unknown
| Command      : report_drc -file Lab_2_wrapper_drc_routed.rpt -pb Lab_2_wrapper_drc_routed.pb -rpx Lab_2_wrapper_drc_routed.rpx
| Design       : Lab_2_wrapper
| Device       : xc7z020clg400-1
| Speed File   : -1
| Design State : Fully Routed
---------------------------------------------------------------------------------------------------------------------------------

Report DRC

Table of Contents
-----------------
1. REPORT SUMMARY
2. REPORT DETAILS

1. REPORT SUMMARY
-----------------
            Netlist: netlist
          Floorplan: design_1
      Design limits: <entire design considered>
           Ruledeck: default
             Max violations: <unlimited>
             Violations found: 1
+----------+----------+-------------------+------------+
| Rule     | Severity | Description       | Violations |
+----------+----------+-------------------+------------+
| PDRC-153 | Warning  | Gated clock check | 1          |
+----------+----------+-------------------+------------+

2. REPORT DETAILS
-----------------
PDRC-153#1 Warning
Gated clock check  
Net Lab_2_i/ALU_0/U0/ALUC/R_reg[0]_i_2_n_0 is a gated clock net sourced by a combinational pin Lab_2_i/ALU_0/U0/ALUC/R_reg[0]_i_2/O, cell Lab_2_i/ALU_0/U0/ALUC/R_reg[0]_i_2. This is not good design practice and will likely impact performance. For SLICE registers, for example, use the CE pin to control the loading of data.
Related violations: <none>


